<?xml version="1.0" encoding="UTF-8"?>
<testng-results ignored="0" total="2" passed="2" failed="0" skipped="0">
  <reporter-output>
  </reporter-output>
  <suite started-at="2022-01-18T20:13:57 IST" name="Suite" finished-at="2022-01-18T20:14:16 IST" duration-ms="19379">
    <groups>
    </groups>
    <test started-at="2022-01-18T20:13:57 IST" name="Test" finished-at="2022-01-18T20:14:13 IST" duration-ms="15867">
      <class name="automation.parameterizationtest">
        <test-method signature="verifytitle(java.lang.String)[pri:1, instance:automation.parameterizationtest@4b14c583]" started-at="2022-01-18T20:13:57 IST" name="verifytitle" finished-at="2022-01-18T20:14:13 IST" duration-ms="15758" status="PASS">
          <params>
            <param index="0">
              <value>
                <![CDATA[chrome]]>
              </value>
            </param>
          </params>
          <reporter-output>
          </reporter-output>
        </test-method> <!-- verifytitle -->
      </class> <!-- automation.parameterizationtest -->
    </test> <!-- Test -->
    <test started-at="2022-01-18T20:13:57 IST" name="Test1" finished-at="2022-01-18T20:14:16 IST" duration-ms="19379">
      <class name="automation.parameterizationtest">
        <test-method signature="verifytitle(java.lang.String)[pri:1, instance:automation.parameterizationtest@3911c2a7]" started-at="2022-01-18T20:13:57 IST" name="verifytitle" finished-at="2022-01-18T20:14:16 IST" duration-ms="19289" status="PASS">
          <params>
            <param index="0">
              <value>
                <![CDATA[edge]]>
              </value>
            </param>
          </params>
          <reporter-output>
          </reporter-output>
        </test-method> <!-- verifytitle -->
      </class> <!-- automation.parameterizationtest -->
    </test> <!-- Test1 -->
  </suite> <!-- Suite -->
</testng-results>
